<?xml version="1.0" encoding="UTF-8"?>
<testsuite xmlns:xsi="http://www.w3.org/2001/XMLSchema-instance" xsi:noNamespaceSchemaLocation="https://maven.apache.org/surefire/maven-surefire-plugin/xsd/surefire-test-report.xsd" name="RedirectOutCabinetPageTest" time="6.428" tests="2" errors="0" skipped="0" failures="0">
  <properties>
[...]
</properties>
  <testcase name="redirectOutClickLogoTest" classname="RedirectOutCabinetPageTest" time="3.266"/>
  <testcase name="redirectOutClickConstructTest" classname="RedirectOutCabinetPageTest" time="3.16"/>
</testsuite>